<?xml version="1.0" encoding="UTF-8"?>
<!-- Generated by org.testng.reporters.JUnitReportReporter -->
<testsuite hostname="BDC11-L-G35RTN2" failures="0" tests="1" name="com.Test.AccenLoginTest" time="59.892" errors="0" timestamp="2021-02-09T12:45:52 IST" skipped="0">
  <testcase classname="com.Test.AccenLoginTest" name="login" time="59.892"/>
  <system-out/>
</testsuite> <!-- com.Test.AccenLoginTest -->
