<?xml version="1.0" encoding="UTF-8"?>
<!-- Generated by org.testng.reporters.JUnitReportReporter -->
<testsuite hostname="BDC11-L-G35RTN2" failures="0" tests="7" name="com.Test.LoginTest" time="61.574" errors="0" timestamp="2021-04-07T12:10:32 IST" skipped="0">
  <testcase classname="com.Test.LoginTest" name="login2" time="4.597"/>
  <system-out/>
  <testcase classname="com.Test.LoginTest" name="login6" time="4.076"/>
  <system-out/>
  <testcase classname="com.Test.LoginTest" name="login4" time="4.018"/>
  <system-out/>
  <testcase classname="com.Test.LoginTest" name="login" time="33.295"/>
  <system-out/>
  <testcase classname="com.Test.LoginTest" name="login1" time="6.986"/>
  <system-out/>
  <testcase classname="com.Test.LoginTest" name="login5" time="4.555"/>
  <system-out/>
  <testcase classname="com.Test.LoginTest" name="login3" time="4.047"/>
  <system-out/>
</testsuite> <!-- com.Test.LoginTest -->
